<?xml version="1.0" encoding="UTF-8"?>
<testsuite xmlns:xsi="http://www.w3.org/2001/XMLSchema-instance" xsi:noNamespaceSchemaLocation="https://maven.apache.org/surefire/maven-surefire-plugin/xsd/surefire-test-report.xsd" name="com.javaegitimleri.petclinic.web.PetClinicRestControllerTest" time="0.328" tests="1" errors="1" skipped="0" failures="0">
  <properties>
    <property name="java.specification.version" value="17"/>
    <property name="sun.cpu.isalist" value="amd64"/>
    <property name="sun.jnu.encoding" value="Cp1252"/>
    <property name="java.class.path" value="C:\springworkspace\SpringBootExamples\petclinic\target\test-classes;C:\springworkspace\SpringBootExamples\petclinic\target\classes;C:\Users\nazli\.m2\repository\org\hamcrest\hamcrest-library\1.3\hamcrest-library-1.3.jar;C:\Users\nazli\.m2\repository\org\hamcrest\hamcrest-core\1.3\hamcrest-core-1.3.jar;C:\Users\nazli\.m2\repository\junit\junit\4.12\junit-4.12.jar;C:\Users\nazli\.m2\repository\org\springframework\boot\spring-boot-starter-web\2.1.1.RELEASE\spring-boot-starter-web-2.1.1.RELEASE.jar;C:\Users\nazli\.m2\repository\org\springframework\boot\spring-boot-starter\2.1.1.RELEASE\spring-boot-starter-2.1.1.RELEASE.jar;C:\Users\nazli\.m2\repository\org\springframework\boot\spring-boot-starter-logging\2.1.1.RELEASE\spring-boot-starter-logging-2.1.1.RELEASE.jar;C:\Users\nazli\.m2\repository\ch\qos\logback\logback-classic\1.2.3\logback-classic-1.2.3.jar;C:\Users\nazli\.m2\repository\ch\qos\logback\logback-core\1.2.3\logback-core-1.2.3.jar;C:\Users\nazli\.m2\repository\org\apache\logging\log4j\log4j-to-slf4j\2.11.1\log4j-to-slf4j-2.11.1.jar;C:\Users\nazli\.m2\repository\org\apache\logging\log4j\log4j-api\2.11.1\log4j-api-2.11.1.jar;C:\Users\nazli\.m2\repository\org\slf4j\jul-to-slf4j\1.7.25\jul-to-slf4j-1.7.25.jar;C:\Users\nazli\.m2\repository\javax\annotation\javax.annotation-api\1.3.2\javax.annotation-api-1.3.2.jar;C:\Users\nazli\.m2\repository\org\springframework\spring-core\5.1.3.RELEASE\spring-core-5.1.3.RELEASE.jar;C:\Users\nazli\.m2\repository\org\springframework\spring-jcl\5.1.3.RELEASE\spring-jcl-5.1.3.RELEASE.jar;C:\Users\nazli\.m2\repository\org\yaml\snakeyaml\1.23\snakeyaml-1.23.jar;C:\Users\nazli\.m2\repository\org\springframework\boot\spring-boot-starter-json\2.1.1.RELEASE\spring-boot-starter-json-2.1.1.RELEASE.jar;C:\Users\nazli\.m2\repository\com\fasterxml\jackson\core\jackson-databind\2.9.7\jackson-databind-2.9.7.jar;C:\Users\nazli\.m2\repository\com\fasterxml\jackson\core\jackson-annotations\2.9.0\jackson-annotations-2.9.0.jar;C:\Users\nazli\.m2\repository\com\fasterxml\jackson\core\jackson-core\2.9.7\jackson-core-2.9.7.jar;C:\Users\nazli\.m2\repository\com\fasterxml\jackson\datatype\jackson-datatype-jdk8\2.9.7\jackson-datatype-jdk8-2.9.7.jar;C:\Users\nazli\.m2\repository\com\fasterxml\jackson\datatype\jackson-datatype-jsr310\2.9.7\jackson-datatype-jsr310-2.9.7.jar;C:\Users\nazli\.m2\repository\com\fasterxml\jackson\module\jackson-module-parameter-names\2.9.7\jackson-module-parameter-names-2.9.7.jar;C:\Users\nazli\.m2\repository\org\springframework\boot\spring-boot-starter-tomcat\2.1.1.RELEASE\spring-boot-starter-tomcat-2.1.1.RELEASE.jar;C:\Users\nazli\.m2\repository\org\apache\tomcat\embed\tomcat-embed-websocket\9.0.13\tomcat-embed-websocket-9.0.13.jar;C:\Users\nazli\.m2\repository\org\hibernate\validator\hibernate-validator\6.0.13.Final\hibernate-validator-6.0.13.Final.jar;C:\Users\nazli\.m2\repository\javax\validation\validation-api\2.0.1.Final\validation-api-2.0.1.Final.jar;C:\Users\nazli\.m2\repository\org\jboss\logging\jboss-logging\3.3.2.Final\jboss-logging-3.3.2.Final.jar;C:\Users\nazli\.m2\repository\com\fasterxml\classmate\1.4.0\classmate-1.4.0.jar;C:\Users\nazli\.m2\repository\org\springframework\spring-web\5.1.3.RELEASE\spring-web-5.1.3.RELEASE.jar;C:\Users\nazli\.m2\repository\org\springframework\spring-beans\5.1.3.RELEASE\spring-beans-5.1.3.RELEASE.jar;C:\Users\nazli\.m2\repository\org\springframework\spring-webmvc\5.1.3.RELEASE\spring-webmvc-5.1.3.RELEASE.jar;C:\Users\nazli\.m2\repository\org\springframework\spring-aop\5.1.3.RELEASE\spring-aop-5.1.3.RELEASE.jar;C:\Users\nazli\.m2\repository\org\springframework\spring-context\5.1.3.RELEASE\spring-context-5.1.3.RELEASE.jar;C:\Users\nazli\.m2\repository\org\springframework\spring-expression\5.1.3.RELEASE\spring-expression-5.1.3.RELEASE.jar;C:\Users\nazli\.m2\repository\org\springframework\boot\spring-boot-starter-actuator\2.1.1.RELEASE\spring-boot-starter-actuator-2.1.1.RELEASE.jar;C:\Users\nazli\.m2\repository\org\springframework\boot\spring-boot-actuator-autoconfigure\2.1.1.RELEASE\spring-boot-actuator-autoconfigure-2.1.1.RELEASE.jar;C:\Users\nazli\.m2\repository\org\springframework\boot\spring-boot-actuator\2.1.1.RELEASE\spring-boot-actuator-2.1.1.RELEASE.jar;C:\Users\nazli\.m2\repository\io\micrometer\micrometer-core\1.1.1\micrometer-core-1.1.1.jar;C:\Users\nazli\.m2\repository\org\hdrhistogram\HdrHistogram\2.1.9\HdrHistogram-2.1.9.jar;C:\Users\nazli\.m2\repository\org\latencyutils\LatencyUtils\2.0.3\LatencyUtils-2.0.3.jar;C:\Users\nazli\.m2\repository\org\springframework\boot\spring-boot-devtools\2.1.1.RELEASE\spring-boot-devtools-2.1.1.RELEASE.jar;C:\Users\nazli\.m2\repository\org\springframework\boot\spring-boot\2.1.1.RELEASE\spring-boot-2.1.1.RELEASE.jar;C:\Users\nazli\.m2\repository\org\springframework\boot\spring-boot-autoconfigure\2.1.1.RELEASE\spring-boot-autoconfigure-2.1.1.RELEASE.jar;C:\Users\nazli\.m2\repository\org\apache\tomcat\embed\tomcat-embed-jasper\9.0.13\tomcat-embed-jasper-9.0.13.jar;C:\Users\nazli\.m2\repository\org\apache\tomcat\embed\tomcat-embed-core\9.0.13\tomcat-embed-core-9.0.13.jar;C:\Users\nazli\.m2\repository\org\apache\tomcat\tomcat-annotations-api\9.0.13\tomcat-annotations-api-9.0.13.jar;C:\Users\nazli\.m2\repository\org\apache\tomcat\embed\tomcat-embed-el\9.0.13\tomcat-embed-el-9.0.13.jar;C:\Users\nazli\.m2\repository\org\eclipse\jdt\ecj\3.13.102\ecj-3.13.102.jar;C:\Users\nazli\.m2\repository\javax\servlet\jstl\1.2\jstl-1.2.jar;C:\Users\nazli\.m2\repository\org\springframework\boot\spring-boot-starter-thymeleaf\2.1.1.RELEASE\spring-boot-starter-thymeleaf-2.1.1.RELEASE.jar;C:\Users\nazli\.m2\repository\org\thymeleaf\thymeleaf-spring5\3.0.11.RELEASE\thymeleaf-spring5-3.0.11.RELEASE.jar;C:\Users\nazli\.m2\repository\org\thymeleaf\thymeleaf\3.0.11.RELEASE\thymeleaf-3.0.11.RELEASE.jar;C:\Users\nazli\.m2\repository\org\attoparser\attoparser\2.0.5.RELEASE\attoparser-2.0.5.RELEASE.jar;C:\Users\nazli\.m2\repository\org\unbescape\unbescape\1.1.6.RELEASE\unbescape-1.1.6.RELEASE.jar;C:\Users\nazli\.m2\repository\org\slf4j\slf4j-api\1.7.25\slf4j-api-1.7.25.jar;C:\Users\nazli\.m2\repository\org\thymeleaf\extras\thymeleaf-extras-java8time\3.0.2.RELEASE\thymeleaf-extras-java8time-3.0.2.RELEASE.jar;C:\Users\nazli\.m2\repository\jakarta\xml\bind\jakarta.xml.bind-api\2.3.2\jakarta.xml.bind-api-2.3.2.jar;C:\Users\nazli\.m2\repository\jakarta\activation\jakarta.activation-api\1.2.1\jakarta.activation-api-1.2.1.jar;C:\Users\nazli\.m2\repository\org\glassfish\jaxb\jaxb-runtime\2.3.2\jaxb-runtime-2.3.2.jar;C:\Users\nazli\.m2\repository\org\glassfish\jaxb\txw2\2.3.2\txw2-2.3.2.jar;C:\Users\nazli\.m2\repository\com\sun\istack\istack-commons-runtime\3.0.8\istack-commons-runtime-3.0.8.jar;C:\Users\nazli\.m2\repository\org\jvnet\staxex\stax-ex\1.8.1\stax-ex-1.8.1.jar;C:\Users\nazli\.m2\repository\com\sun\xml\fastinfoset\FastInfoset\1.2.16\FastInfoset-1.2.16.jar;C:\Users\nazli\.m2\repository\org\springframework\boot\spring-boot-starter-hateoas\2.1.1.RELEASE\spring-boot-starter-hateoas-2.1.1.RELEASE.jar;C:\Users\nazli\.m2\repository\org\springframework\hateoas\spring-hateoas\0.25.0.RELEASE\spring-hateoas-0.25.0.RELEASE.jar;C:\Users\nazli\.m2\repository\org\springframework\plugin\spring-plugin-core\1.2.0.RELEASE\spring-plugin-core-1.2.0.RELEASE.jar;C:\Users\nazli\.m2\repository\com\h2database\h2\1.4.197\h2-1.4.197.jar;C:\Users\nazli\.m2\repository\org\springframework\boot\spring-boot-starter-jdbc\2.1.1.RELEASE\spring-boot-starter-jdbc-2.1.1.RELEASE.jar;C:\Users\nazli\.m2\repository\com\zaxxer\HikariCP\3.2.0\HikariCP-3.2.0.jar;C:\Users\nazli\.m2\repository\org\springframework\spring-jdbc\5.1.3.RELEASE\spring-jdbc-5.1.3.RELEASE.jar;C:\Users\nazli\.m2\repository\org\springframework\spring-tx\5.1.3.RELEASE\spring-tx-5.1.3.RELEASE.jar;"/>
    <property name="java.vm.vendor" value="Eclipse Adoptium"/>
    <property name="sun.arch.data.model" value="64"/>
    <property name="user.variant" value=""/>
    <property name="java.vendor.url" value="https://adoptium.net/"/>
    <property name="user.timezone" value="Europe/Istanbul"/>
    <property name="os.name" value="Windows 10"/>
    <property name="java.vm.specification.version" value="17"/>
    <property name="sun.java.launcher" value="SUN_STANDARD"/>
    <property name="user.country" value="US"/>
    <property name="sun.boot.library.path" value="C:\sts-4.12.1.RELEASE\plugins\org.eclipse.justj.openjdk.hotspot.jre.full.win32.x86_64_17.0.0.v20211012-1059\jre\bin"/>
    <property name="sun.java.command" value="C:\Users\nazli\AppData\Local\Temp\surefire8566082912868166411\surefirebooter7651033253577432628.jar C:\Users\nazli\AppData\Local\Temp\surefire8566082912868166411 2021-12-02T14-28-49_691-jvmRun1 surefire11249026222532701935tmp surefire_014812233673127490638tmp"/>
    <property name="jdk.debug" value="release"/>
    <property name="surefire.test.class.path" value="C:\springworkspace\SpringBootExamples\petclinic\target\test-classes;C:\springworkspace\SpringBootExamples\petclinic\target\classes;C:\Users\nazli\.m2\repository\org\hamcrest\hamcrest-library\1.3\hamcrest-library-1.3.jar;C:\Users\nazli\.m2\repository\org\hamcrest\hamcrest-core\1.3\hamcrest-core-1.3.jar;C:\Users\nazli\.m2\repository\junit\junit\4.12\junit-4.12.jar;C:\Users\nazli\.m2\repository\org\springframework\boot\spring-boot-starter-web\2.1.1.RELEASE\spring-boot-starter-web-2.1.1.RELEASE.jar;C:\Users\nazli\.m2\repository\org\springframework\boot\spring-boot-starter\2.1.1.RELEASE\spring-boot-starter-2.1.1.RELEASE.jar;C:\Users\nazli\.m2\repository\org\springframework\boot\spring-boot-starter-logging\2.1.1.RELEASE\spring-boot-starter-logging-2.1.1.RELEASE.jar;C:\Users\nazli\.m2\repository\ch\qos\logback\logback-classic\1.2.3\logback-classic-1.2.3.jar;C:\Users\nazli\.m2\repository\ch\qos\logback\logback-core\1.2.3\logback-core-1.2.3.jar;C:\Users\nazli\.m2\repository\org\apache\logging\log4j\log4j-to-slf4j\2.11.1\log4j-to-slf4j-2.11.1.jar;C:\Users\nazli\.m2\repository\org\apache\logging\log4j\log4j-api\2.11.1\log4j-api-2.11.1.jar;C:\Users\nazli\.m2\repository\org\slf4j\jul-to-slf4j\1.7.25\jul-to-slf4j-1.7.25.jar;C:\Users\nazli\.m2\repository\javax\annotation\javax.annotation-api\1.3.2\javax.annotation-api-1.3.2.jar;C:\Users\nazli\.m2\repository\org\springframework\spring-core\5.1.3.RELEASE\spring-core-5.1.3.RELEASE.jar;C:\Users\nazli\.m2\repository\org\springframework\spring-jcl\5.1.3.RELEASE\spring-jcl-5.1.3.RELEASE.jar;C:\Users\nazli\.m2\repository\org\yaml\snakeyaml\1.23\snakeyaml-1.23.jar;C:\Users\nazli\.m2\repository\org\springframework\boot\spring-boot-starter-json\2.1.1.RELEASE\spring-boot-starter-json-2.1.1.RELEASE.jar;C:\Users\nazli\.m2\repository\com\fasterxml\jackson\core\jackson-databind\2.9.7\jackson-databind-2.9.7.jar;C:\Users\nazli\.m2\repository\com\fasterxml\jackson\core\jackson-annotations\2.9.0\jackson-annotations-2.9.0.jar;C:\Users\nazli\.m2\repository\com\fasterxml\jackson\core\jackson-core\2.9.7\jackson-core-2.9.7.jar;C:\Users\nazli\.m2\repository\com\fasterxml\jackson\datatype\jackson-datatype-jdk8\2.9.7\jackson-datatype-jdk8-2.9.7.jar;C:\Users\nazli\.m2\repository\com\fasterxml\jackson\datatype\jackson-datatype-jsr310\2.9.7\jackson-datatype-jsr310-2.9.7.jar;C:\Users\nazli\.m2\repository\com\fasterxml\jackson\module\jackson-module-parameter-names\2.9.7\jackson-module-parameter-names-2.9.7.jar;C:\Users\nazli\.m2\repository\org\springframework\boot\spring-boot-starter-tomcat\2.1.1.RELEASE\spring-boot-starter-tomcat-2.1.1.RELEASE.jar;C:\Users\nazli\.m2\repository\org\apache\tomcat\embed\tomcat-embed-websocket\9.0.13\tomcat-embed-websocket-9.0.13.jar;C:\Users\nazli\.m2\repository\org\hibernate\validator\hibernate-validator\6.0.13.Final\hibernate-validator-6.0.13.Final.jar;C:\Users\nazli\.m2\repository\javax\validation\validation-api\2.0.1.Final\validation-api-2.0.1.Final.jar;C:\Users\nazli\.m2\repository\org\jboss\logging\jboss-logging\3.3.2.Final\jboss-logging-3.3.2.Final.jar;C:\Users\nazli\.m2\repository\com\fasterxml\classmate\1.4.0\classmate-1.4.0.jar;C:\Users\nazli\.m2\repository\org\springframework\spring-web\5.1.3.RELEASE\spring-web-5.1.3.RELEASE.jar;C:\Users\nazli\.m2\repository\org\springframework\spring-beans\5.1.3.RELEASE\spring-beans-5.1.3.RELEASE.jar;C:\Users\nazli\.m2\repository\org\springframework\spring-webmvc\5.1.3.RELEASE\spring-webmvc-5.1.3.RELEASE.jar;C:\Users\nazli\.m2\repository\org\springframework\spring-aop\5.1.3.RELEASE\spring-aop-5.1.3.RELEASE.jar;C:\Users\nazli\.m2\repository\org\springframework\spring-context\5.1.3.RELEASE\spring-context-5.1.3.RELEASE.jar;C:\Users\nazli\.m2\repository\org\springframework\spring-expression\5.1.3.RELEASE\spring-expression-5.1.3.RELEASE.jar;C:\Users\nazli\.m2\repository\org\springframework\boot\spring-boot-starter-actuator\2.1.1.RELEASE\spring-boot-starter-actuator-2.1.1.RELEASE.jar;C:\Users\nazli\.m2\repository\org\springframework\boot\spring-boot-actuator-autoconfigure\2.1.1.RELEASE\spring-boot-actuator-autoconfigure-2.1.1.RELEASE.jar;C:\Users\nazli\.m2\repository\org\springframework\boot\spring-boot-actuator\2.1.1.RELEASE\spring-boot-actuator-2.1.1.RELEASE.jar;C:\Users\nazli\.m2\repository\io\micrometer\micrometer-core\1.1.1\micrometer-core-1.1.1.jar;C:\Users\nazli\.m2\repository\org\hdrhistogram\HdrHistogram\2.1.9\HdrHistogram-2.1.9.jar;C:\Users\nazli\.m2\repository\org\latencyutils\LatencyUtils\2.0.3\LatencyUtils-2.0.3.jar;C:\Users\nazli\.m2\repository\org\springframework\boot\spring-boot-devtools\2.1.1.RELEASE\spring-boot-devtools-2.1.1.RELEASE.jar;C:\Users\nazli\.m2\repository\org\springframework\boot\spring-boot\2.1.1.RELEASE\spring-boot-2.1.1.RELEASE.jar;C:\Users\nazli\.m2\repository\org\springframework\boot\spring-boot-autoconfigure\2.1.1.RELEASE\spring-boot-autoconfigure-2.1.1.RELEASE.jar;C:\Users\nazli\.m2\repository\org\apache\tomcat\embed\tomcat-embed-jasper\9.0.13\tomcat-embed-jasper-9.0.13.jar;C:\Users\nazli\.m2\repository\org\apache\tomcat\embed\tomcat-embed-core\9.0.13\tomcat-embed-core-9.0.13.jar;C:\Users\nazli\.m2\repository\org\apache\tomcat\tomcat-annotations-api\9.0.13\tomcat-annotations-api-9.0.13.jar;C:\Users\nazli\.m2\repository\org\apache\tomcat\embed\tomcat-embed-el\9.0.13\tomcat-embed-el-9.0.13.jar;C:\Users\nazli\.m2\repository\org\eclipse\jdt\ecj\3.13.102\ecj-3.13.102.jar;C:\Users\nazli\.m2\repository\javax\servlet\jstl\1.2\jstl-1.2.jar;C:\Users\nazli\.m2\repository\org\springframework\boot\spring-boot-starter-thymeleaf\2.1.1.RELEASE\spring-boot-starter-thymeleaf-2.1.1.RELEASE.jar;C:\Users\nazli\.m2\repository\org\thymeleaf\thymeleaf-spring5\3.0.11.RELEASE\thymeleaf-spring5-3.0.11.RELEASE.jar;C:\Users\nazli\.m2\repository\org\thymeleaf\thymeleaf\3.0.11.RELEASE\thymeleaf-3.0.11.RELEASE.jar;C:\Users\nazli\.m2\repository\org\attoparser\attoparser\2.0.5.RELEASE\attoparser-2.0.5.RELEASE.jar;C:\Users\nazli\.m2\repository\org\unbescape\unbescape\1.1.6.RELEASE\unbescape-1.1.6.RELEASE.jar;C:\Users\nazli\.m2\repository\org\slf4j\slf4j-api\1.7.25\slf4j-api-1.7.25.jar;C:\Users\nazli\.m2\repository\org\thymeleaf\extras\thymeleaf-extras-java8time\3.0.2.RELEASE\thymeleaf-extras-java8time-3.0.2.RELEASE.jar;C:\Users\nazli\.m2\repository\jakarta\xml\bind\jakarta.xml.bind-api\2.3.2\jakarta.xml.bind-api-2.3.2.jar;C:\Users\nazli\.m2\repository\jakarta\activation\jakarta.activation-api\1.2.1\jakarta.activation-api-1.2.1.jar;C:\Users\nazli\.m2\repository\org\glassfish\jaxb\jaxb-runtime\2.3.2\jaxb-runtime-2.3.2.jar;C:\Users\nazli\.m2\repository\org\glassfish\jaxb\txw2\2.3.2\txw2-2.3.2.jar;C:\Users\nazli\.m2\repository\com\sun\istack\istack-commons-runtime\3.0.8\istack-commons-runtime-3.0.8.jar;C:\Users\nazli\.m2\repository\org\jvnet\staxex\stax-ex\1.8.1\stax-ex-1.8.1.jar;C:\Users\nazli\.m2\repository\com\sun\xml\fastinfoset\FastInfoset\1.2.16\FastInfoset-1.2.16.jar;C:\Users\nazli\.m2\repository\org\springframework\boot\spring-boot-starter-hateoas\2.1.1.RELEASE\spring-boot-starter-hateoas-2.1.1.RELEASE.jar;C:\Users\nazli\.m2\repository\org\springframework\hateoas\spring-hateoas\0.25.0.RELEASE\spring-hateoas-0.25.0.RELEASE.jar;C:\Users\nazli\.m2\repository\org\springframework\plugin\spring-plugin-core\1.2.0.RELEASE\spring-plugin-core-1.2.0.RELEASE.jar;C:\Users\nazli\.m2\repository\com\h2database\h2\1.4.197\h2-1.4.197.jar;C:\Users\nazli\.m2\repository\org\springframework\boot\spring-boot-starter-jdbc\2.1.1.RELEASE\spring-boot-starter-jdbc-2.1.1.RELEASE.jar;C:\Users\nazli\.m2\repository\com\zaxxer\HikariCP\3.2.0\HikariCP-3.2.0.jar;C:\Users\nazli\.m2\repository\org\springframework\spring-jdbc\5.1.3.RELEASE\spring-jdbc-5.1.3.RELEASE.jar;C:\Users\nazli\.m2\repository\org\springframework\spring-tx\5.1.3.RELEASE\spring-tx-5.1.3.RELEASE.jar;"/>
    <property name="sun.cpu.endian" value="little"/>
    <property name="user.home" value="C:\Users\nazli"/>
    <property name="user.language" value="en"/>
    <property name="java.specification.vendor" value="Oracle Corporation"/>
    <property name="java.version.date" value="2021-09-14"/>
    <property name="java.home" value="C:\sts-4.12.1.RELEASE\plugins\org.eclipse.justj.openjdk.hotspot.jre.full.win32.x86_64_17.0.0.v20211012-1059\jre"/>
    <property name="file.separator" value="\"/>
    <property name="style.color" value="always"/>
    <property name="basedir" value="C:\springworkspace\SpringBootExamples\petclinic"/>
    <property name="java.vm.compressedOopsMode" value="Zero based"/>
    <property name="line.separator" value="&#10;"/>
    <property name="java.vm.specification.vendor" value="Oracle Corporation"/>
    <property name="java.specification.name" value="Java Platform API Specification"/>
    <property name="surefire.real.class.path" value="C:\Users\nazli\AppData\Local\Temp\surefire8566082912868166411\surefirebooter7651033253577432628.jar"/>
    <property name="user.script" value=""/>
    <property name="sun.management.compiler" value="HotSpot 64-Bit Tiered Compilers"/>
    <property name="java.runtime.version" value="17+35"/>
    <property name="user.name" value="nazli"/>
    <property name="path.separator" value=";"/>
    <property name="os.version" value="10.0"/>
    <property name="java.runtime.name" value="OpenJDK Runtime Environment"/>
    <property name="file.encoding" value="Cp1252"/>
    <property name="java.vm.name" value="OpenJDK 64-Bit Server VM"/>
    <property name="java.vendor.version" value="Temurin-17+35"/>
    <property name="localRepository" value="C:\Users\nazli\.m2\repository"/>
    <property name="java.vendor.url.bug" value="https://github.com/adoptium/adoptium-support/issues"/>
    <property name="java.io.tmpdir" value="C:\Users\nazli\AppData\Local\Temp\"/>
    <property name="java.version" value="17"/>
    <property name="user.dir" value="C:\springworkspace\SpringBootExamples\petclinic"/>
    <property name="os.arch" value="amd64"/>
    <property name="java.vm.specification.name" value="Java Virtual Machine Specification"/>
    <property name="sun.os.patch.level" value=""/>
    <property name="native.encoding" value="Cp1252"/>
    <property name="java.library.path" value="C:\sts-4.12.1.RELEASE\plugins\org.eclipse.justj.openjdk.hotspot.jre.full.win32.x86_64_17.0.0.v20211012-1059\jre\bin;C:\WINDOWS\Sun\Java\bin;C:\WINDOWS\system32;C:\WINDOWS;C:/sts-4.12.1.RELEASE//plugins/org.eclipse.justj.openjdk.hotspot.jre.full.win32.x86_64_17.0.0.v20211012-1059/jre/bin/server;C:/sts-4.12.1.RELEASE//plugins/org.eclipse.justj.openjdk.hotspot.jre.full.win32.x86_64_17.0.0.v20211012-1059/jre/bin;C:\Program Files\Common Files\Oracle\Java\javapath;C:\Program Files (x86)\Common Files\Oracle\Java\javapath;C:\Windows\system32;C:\Windows;C:\Windows\System32\Wbem;C:\Windows\System32\WindowsPowerShell\v1.0\;C:\Windows\System32\OpenSSH\;C:\Program Files (x86)\NVIDIA Corporation\PhysX\Common;C:\Program Files\NVIDIA Corporation\NVIDIA NvDLISR;C:\WINDOWS\system32;C:\WINDOWS;C:\WINDOWS\System32\Wbem;C:\WINDOWS\System32\WindowsPowerShell\v1.0\;C:\WINDOWS\System32\OpenSSH\;C:\Program Files\Git\cmd;C:\Users\nazli\AppData\Local\Microsoft\WindowsApps;;C:\sts-4.12.1.RELEASE;;."/>
    <property name="java.vm.info" value="mixed mode"/>
    <property name="java.vendor" value="Eclipse Adoptium"/>
    <property name="java.vm.version" value="17+35"/>
    <property name="sun.io.unicode.encoding" value="UnicodeLittle"/>
    <property name="java.class.version" value="61.0"/>
  </properties>
  <testcase name="testdeleteOwner" classname="com.javaegitimleri.petclinic.web.PetClinicRestControllerTest" time="0.297">
    <error message="I/O error on DELETE request for &quot;http://localhost:8080/rest/owner/4&quot;: Connection refused: connect; nested exception is java.net.ConnectException: Connection refused: connect" type="org.springframework.web.client.ResourceAccessException">org.springframework.web.client.ResourceAccessException: I/O error on DELETE request for "http://localhost:8080/rest/owner/4": Connection refused: connect; nested exception is java.net.ConnectException: Connection refused: connect
	at com.javaegitimleri.petclinic.web.PetClinicRestControllerTest.testdeleteOwner(PetClinicRestControllerTest.java:89)
Caused by: java.net.ConnectException: Connection refused: connect
	at com.javaegitimleri.petclinic.web.PetClinicRestControllerTest.testdeleteOwner(PetClinicRestControllerTest.java:89)
</error>
    <system-out><![CDATA[14:28:50.445 [main] DEBUG org.springframework.web.client.RestTemplate - HTTP DELETE http://localhost:8080/rest/owner/4
]]></system-out>
  </testcase>
</testsuite>